{"/Volumes/Data/dev/2020/lab/lab8-unit-test/converter.js": {"path":"/Volumes/Data/dev/2020/lab/lab8-unit-test/converter.js","statementMap":{"0":{"start":{"line":1,"column":0},"end":{"line":1,"column":32}},"1":{"start":{"line":2,"column":0},"end":{"line":2,"column":30}},"2":{"start":{"line":3,"column":0},"end":{"line":3,"column":50}},"3":{"start":{"line":4,"column":0},"end":{"line":4,"column":1}},"4":{"start":{"line":5,"column":0},"end":{"line":5,"column":0}},"5":{"start":{"line":6,"column":0},"end":{"line":6,"column":32}},"6":{"start":{"line":7,"column":0},"end":{"line":7,"column":13}},"7":{"start":{"line":8,"column":0},"end":{"line":8,"column":1}},"8":{"start":{"line":9,"column":0},"end":{"line":9,"column":0}},"9":{"start":{"line":10,"column":0},"end":{"line":10,"column":27}}},"s":{"0":1,"1":2,"2":2,"3":2,"4":1,"5":2,"6":2,"7":2,"8":1,"9":1},"branchMap":{"0":{"type":"branch","line":10,"loc":{"start":{"line":10,"column":27},"end":{"line":10,"column":27}},"locations":[{"start":{"line":10,"column":27},"end":{"line":10,"column":27}}]},"1":{"type":"branch","line":10,"loc":{"start":{"line":10,"column":27},"end":{"line":10,"column":27}},"locations":[{"start":{"line":10,"column":27},"end":{"line":10,"column":27}}]},"2":{"type":"branch","line":2,"loc":{"start":{"line":2,"column":0},"end":{"line":4,"column":1}},"locations":[{"start":{"line":2,"column":0},"end":{"line":4,"column":1}}]},"3":{"type":"branch","line":6,"loc":{"start":{"line":6,"column":0},"end":{"line":8,"column":1}},"locations":[{"start":{"line":6,"column":0},"end":{"line":8,"column":1}}]}},"b":{"0":[1],"1":[1],"2":[2],"3":[2]},"fnMap":{"0":{"name":"Object.<anonymous>","decl":{"start":{"line":10,"column":27},"end":{"line":10,"column":27}},"loc":{"start":{"line":10,"column":27},"end":{"line":10,"column":27}},"line":10},"1":{"name":"converter","decl":{"start":{"line":2,"column":0},"end":{"line":4,"column":1}},"loc":{"start":{"line":2,"column":0},"end":{"line":4,"column":1}},"line":2},"2":{"name":"exchageRate","decl":{"start":{"line":6,"column":0},"end":{"line":8,"column":1}},"loc":{"start":{"line":6,"column":0},"end":{"line":8,"column":1}},"line":6}},"f":{"0":1,"1":2,"2":2}}
,"/Volumes/Data/dev/2020/lab/lab8-unit-test/fizzbuzz.js": {"path":"/Volumes/Data/dev/2020/lab/lab8-unit-test/fizzbuzz.js","statementMap":{"0":{"start":{"line":1,"column":0},"end":{"line":1,"column":27}},"1":{"start":{"line":2,"column":0},"end":{"line":2,"column":27}},"2":{"start":{"line":3,"column":0},"end":{"line":3,"column":0}},"3":{"start":{"line":4,"column":0},"end":{"line":4,"column":25}},"4":{"start":{"line":5,"column":0},"end":{"line":5,"column":21}},"5":{"start":{"line":6,"column":0},"end":{"line":6,"column":31}},"6":{"start":{"line":7,"column":0},"end":{"line":7,"column":17}},"7":{"start":{"line":8,"column":0},"end":{"line":8,"column":31}},"8":{"start":{"line":9,"column":0},"end":{"line":9,"column":17}},"9":{"start":{"line":10,"column":0},"end":{"line":10,"column":10}},"10":{"start":{"line":11,"column":0},"end":{"line":11,"column":17}},"11":{"start":{"line":12,"column":0},"end":{"line":12,"column":3}},"12":{"start":{"line":13,"column":0},"end":{"line":13,"column":1}},"13":{"start":{"line":14,"column":0},"end":{"line":14,"column":0}},"14":{"start":{"line":15,"column":0},"end":{"line":15,"column":26}}},"s":{"0":4,"1":4,"2":4,"3":4,"4":1,"5":4,"6":1,"7":3,"8":1,"9":1,"10":1,"11":1,"12":4,"13":1,"14":1},"branchMap":{"0":{"type":"branch","line":15,"loc":{"start":{"line":15,"column":26},"end":{"line":15,"column":26}},"locations":[{"start":{"line":15,"column":26},"end":{"line":15,"column":26}}]},"1":{"type":"branch","line":15,"loc":{"start":{"line":15,"column":26},"end":{"line":15,"column":26}},"locations":[{"start":{"line":15,"column":26},"end":{"line":15,"column":26}}]},"2":{"type":"branch","line":1,"loc":{"start":{"line":1,"column":0},"end":{"line":13,"column":1}},"locations":[{"start":{"line":1,"column":0},"end":{"line":13,"column":1}}]},"3":{"type":"branch","line":2,"loc":{"start":{"line":2,"column":18},"end":{"line":2,"column":25}},"locations":[{"start":{"line":2,"column":18},"end":{"line":2,"column":25}}]},"4":{"type":"branch","line":4,"loc":{"start":{"line":4,"column":24},"end":{"line":6,"column":9}},"locations":[{"start":{"line":4,"column":24},"end":{"line":6,"column":9}}]},"5":{"type":"branch","line":6,"loc":{"start":{"line":6,"column":3},"end":{"line":12,"column":3}},"locations":[{"start":{"line":6,"column":3},"end":{"line":12,"column":3}}]},"6":{"type":"branch","line":6,"loc":{"start":{"line":6,"column":30},"end":{"line":8,"column":9}},"locations":[{"start":{"line":6,"column":30},"end":{"line":8,"column":9}}]},"7":{"type":"branch","line":8,"loc":{"start":{"line":8,"column":3},"end":{"line":12,"column":3}},"locations":[{"start":{"line":8,"column":3},"end":{"line":12,"column":3}}]},"8":{"type":"branch","line":8,"loc":{"start":{"line":8,"column":30},"end":{"line":12,"column":3}},"locations":[{"start":{"line":8,"column":30},"end":{"line":12,"column":3}}]}},"b":{"0":[1],"1":[1],"2":[4],"3":[0],"4":[1],"5":[3],"6":[1],"7":[2],"8":[1]},"fnMap":{"0":{"name":"Object.<anonymous>","decl":{"start":{"line":15,"column":26},"end":{"line":15,"column":26}},"loc":{"start":{"line":15,"column":26},"end":{"line":15,"column":26}},"line":15},"1":{"name":"fizzbuzz","decl":{"start":{"line":1,"column":0},"end":{"line":13,"column":1}},"loc":{"start":{"line":1,"column":0},"end":{"line":13,"column":1}},"line":1}},"f":{"0":1,"1":4}}
,"/Volumes/Data/dev/2020/lab/lab8-unit-test/sum.js": {"path":"/Volumes/Data/dev/2020/lab/lab8-unit-test/sum.js","statementMap":{"0":{"start":{"line":1,"column":0},"end":{"line":1,"column":20}},"1":{"start":{"line":2,"column":0},"end":{"line":2,"column":15}},"2":{"start":{"line":3,"column":0},"end":{"line":3,"column":1}},"3":{"start":{"line":4,"column":0},"end":{"line":4,"column":21}}},"s":{"0":1,"1":1,"2":1,"3":1},"branchMap":{"0":{"type":"branch","line":4,"loc":{"start":{"line":4,"column":21},"end":{"line":4,"column":21}},"locations":[{"start":{"line":4,"column":21},"end":{"line":4,"column":21}}]},"1":{"type":"branch","line":4,"loc":{"start":{"line":4,"column":21},"end":{"line":4,"column":21}},"locations":[{"start":{"line":4,"column":21},"end":{"line":4,"column":21}}]},"2":{"type":"branch","line":1,"loc":{"start":{"line":1,"column":0},"end":{"line":3,"column":1}},"locations":[{"start":{"line":1,"column":0},"end":{"line":3,"column":1}}]}},"b":{"0":[1],"1":[1],"2":[1]},"fnMap":{"0":{"name":"Object.<anonymous>","decl":{"start":{"line":4,"column":21},"end":{"line":4,"column":21}},"loc":{"start":{"line":4,"column":21},"end":{"line":4,"column":21}},"line":4},"1":{"name":"sum","decl":{"start":{"line":1,"column":0},"end":{"line":3,"column":1}},"loc":{"start":{"line":1,"column":0},"end":{"line":3,"column":1}},"line":1}},"f":{"0":1,"1":1}}
}
