TN:
SF:converter.js
FN:13,Object.<anonymous>
FN:2,converter
FN:6,exchangeRate
FNF:3
FNH:3
FNDA:1,Object.<anonymous>
FNDA:2,converter
FNDA:2,exchangeRate
DA:1,1
DA:2,2
DA:3,2
DA:4,2
DA:5,1
DA:6,2
DA:7,2
DA:8,2
DA:9,1
DA:10,1
DA:11,1
DA:12,1
DA:13,1
LF:13
LH:13
BRDA:13,0,0,1
BRDA:13,1,0,1
BRDA:2,2,0,2
BRDA:6,3,0,2
BRF:4
BRH:4
end_of_record
TN:
SF:fizzbuzz.js
FN:15,Object.<anonymous>
FN:1,fizzbuzz
FNF:2
FNH:2
FNDA:1,Object.<anonymous>
FNDA:3,fizzbuzz
DA:1,3
DA:2,3
DA:3,3
DA:4,3
DA:5,0
DA:6,3
DA:7,1
DA:8,3
DA:9,1
DA:10,1
DA:11,1
DA:12,1
DA:13,3
DA:14,1
DA:15,1
LF:15
LH:14
BRDA:15,0,0,1
BRDA:15,1,0,1
BRDA:1,2,0,3
BRDA:2,3,0,0
BRDA:4,4,0,0
BRDA:6,5,0,1
BRDA:8,6,0,2
BRDA:8,7,0,1
BRF:8
BRH:6
end_of_record
TN:
SF:sum.js
FN:4,Object.<anonymous>
FN:1,sum
FNF:2
FNH:2
FNDA:1,Object.<anonymous>
FNDA:1,sum
DA:1,1
DA:2,1
DA:3,1
DA:4,1
LF:4
LH:4
BRDA:4,0,0,1
BRDA:4,1,0,1
BRDA:1,2,0,1
BRF:3
BRH:3
end_of_record
