TN:
SF:converter.js
FN:10,Object.<anonymous>
FN:2,converter
FN:6,exchageRate
FNF:3
FNH:3
FNDA:1,Object.<anonymous>
FNDA:2,converter
FNDA:2,exchageRate
DA:1,1
DA:2,2
DA:3,2
DA:4,2
DA:5,1
DA:6,2
DA:7,2
DA:8,2
DA:9,1
DA:10,1
LF:10
LH:10
BRDA:10,0,0,1
BRDA:10,1,0,1
BRDA:2,2,0,2
BRDA:6,3,0,2
BRF:4
BRH:4
end_of_record
TN:
SF:fizzbuzz.js
FN:15,Object.<anonymous>
FN:1,fizzbuzz
FNF:2
FNH:2
FNDA:1,Object.<anonymous>
FNDA:4,fizzbuzz
DA:1,4
DA:2,4
DA:3,4
DA:4,4
DA:5,1
DA:6,4
DA:7,1
DA:8,3
DA:9,1
DA:10,1
DA:11,1
DA:12,1
DA:13,4
DA:14,1
DA:15,1
LF:15
LH:15
BRDA:15,0,0,1
BRDA:15,1,0,1
BRDA:1,2,0,4
BRDA:2,3,0,0
BRDA:4,4,0,1
BRDA:6,5,0,3
BRDA:6,6,0,1
BRDA:8,7,0,2
BRDA:8,8,0,1
BRF:9
BRH:8
end_of_record
TN:
SF:sum.js
FN:4,Object.<anonymous>
FN:1,sum
FNF:2
FNH:2
FNDA:1,Object.<anonymous>
FNDA:1,sum
DA:1,1
DA:2,1
DA:3,1
DA:4,1
LF:4
LH:4
BRDA:4,0,0,1
BRDA:4,1,0,1
BRDA:1,2,0,1
BRF:3
BRH:3
end_of_record
